0 info it worked if it ends with ok
1 verbose cli [ 'node', '/usr/local/bin/npm', 'install' ]
2 info using npm@1.3.2
3 info using node@v0.10.13
4 verbose readDependencies using package.json deps
5 verbose install where, deps [ '/Library/WebServer/Documents/tinycarousel',
5 verbose install   [ 'grunt',
5 verbose install     'grunt-contrib-copy',
5 verbose install     'grunt-contrib-clean',
5 verbose install     'grunt-contrib-uglify',
5 verbose install     'grunt-text-replace',
5 verbose install     'grunt-contrib-compress',
5 verbose install     'grunt-ftp-deploy',
5 verbose install     'grunt-contrib-jshint',
5 verbose install     'baijs' ] ]
6 info preinstall tinycarousel@2.0.0
7 verbose readDependencies using package.json deps
8 verbose cache add [ 'grunt@~0.4.1', null ]
9 verbose cache add name=undefined spec="grunt@~0.4.1" args=["grunt@~0.4.1",null]
10 verbose parsed url { protocol: null,
10 verbose parsed url   slashes: null,
10 verbose parsed url   auth: null,
10 verbose parsed url   host: null,
10 verbose parsed url   port: null,
10 verbose parsed url   hostname: null,
10 verbose parsed url   hash: null,
10 verbose parsed url   search: null,
10 verbose parsed url   query: null,
10 verbose parsed url   pathname: 'grunt@~0.4.1',
10 verbose parsed url   path: 'grunt@~0.4.1',
10 verbose parsed url   href: 'grunt@~0.4.1' }
11 verbose cache add name="grunt" spec="~0.4.1" args=["grunt","~0.4.1"]
12 verbose parsed url { protocol: null,
12 verbose parsed url   slashes: null,
12 verbose parsed url   auth: null,
12 verbose parsed url   host: null,
12 verbose parsed url   port: null,
12 verbose parsed url   hostname: null,
12 verbose parsed url   hash: null,
12 verbose parsed url   search: null,
12 verbose parsed url   query: null,
12 verbose parsed url   pathname: '~0.4.1',
12 verbose parsed url   path: '~0.4.1',
12 verbose parsed url   href: '~0.4.1' }
13 verbose addNamed [ 'grunt', '~0.4.1' ]
14 verbose addNamed [ null, '>=0.4.1-0 <0.5.0-0' ]
15 verbose cache add [ 'grunt-contrib-copy@~0.4.1', null ]
16 verbose cache add name=undefined spec="grunt-contrib-copy@~0.4.1" args=["grunt-contrib-copy@~0.4.1",null]
17 verbose parsed url { protocol: null,
17 verbose parsed url   slashes: null,
17 verbose parsed url   auth: null,
17 verbose parsed url   host: null,
17 verbose parsed url   port: null,
17 verbose parsed url   hostname: null,
17 verbose parsed url   hash: null,
17 verbose parsed url   search: null,
17 verbose parsed url   query: null,
17 verbose parsed url   pathname: 'grunt-contrib-copy@~0.4.1',
17 verbose parsed url   path: 'grunt-contrib-copy@~0.4.1',
17 verbose parsed url   href: 'grunt-contrib-copy@~0.4.1' }
18 verbose cache add name="grunt-contrib-copy" spec="~0.4.1" args=["grunt-contrib-copy","~0.4.1"]
19 verbose parsed url { protocol: null,
19 verbose parsed url   slashes: null,
19 verbose parsed url   auth: null,
19 verbose parsed url   host: null,
19 verbose parsed url   port: null,
19 verbose parsed url   hostname: null,
19 verbose parsed url   hash: null,
19 verbose parsed url   search: null,
19 verbose parsed url   query: null,
19 verbose parsed url   pathname: '~0.4.1',
19 verbose parsed url   path: '~0.4.1',
19 verbose parsed url   href: '~0.4.1' }
20 verbose addNamed [ 'grunt-contrib-copy', '~0.4.1' ]
21 verbose addNamed [ null, '>=0.4.1-0 <0.5.0-0' ]
22 verbose cache add [ 'grunt-contrib-uglify@~0.2.7', null ]
23 verbose cache add name=undefined spec="grunt-contrib-uglify@~0.2.7" args=["grunt-contrib-uglify@~0.2.7",null]
24 verbose parsed url { protocol: null,
24 verbose parsed url   slashes: null,
24 verbose parsed url   auth: null,
24 verbose parsed url   host: null,
24 verbose parsed url   port: null,
24 verbose parsed url   hostname: null,
24 verbose parsed url   hash: null,
24 verbose parsed url   search: null,
24 verbose parsed url   query: null,
24 verbose parsed url   pathname: 'grunt-contrib-uglify@~0.2.7',
24 verbose parsed url   path: 'grunt-contrib-uglify@~0.2.7',
24 verbose parsed url   href: 'grunt-contrib-uglify@~0.2.7' }
25 verbose cache add name="grunt-contrib-uglify" spec="~0.2.7" args=["grunt-contrib-uglify","~0.2.7"]
26 verbose parsed url { protocol: null,
26 verbose parsed url   slashes: null,
26 verbose parsed url   auth: null,
26 verbose parsed url   host: null,
26 verbose parsed url   port: null,
26 verbose parsed url   hostname: null,
26 verbose parsed url   hash: null,
26 verbose parsed url   search: null,
26 verbose parsed url   query: null,
26 verbose parsed url   pathname: '~0.2.7',
26 verbose parsed url   path: '~0.2.7',
26 verbose parsed url   href: '~0.2.7' }
27 verbose addNamed [ 'grunt-contrib-uglify', '~0.2.7' ]
28 verbose addNamed [ null, '>=0.2.7-0 <0.3.0-0' ]
29 verbose cache add [ 'grunt-text-replace@~0.3.9', null ]
30 verbose cache add name=undefined spec="grunt-text-replace@~0.3.9" args=["grunt-text-replace@~0.3.9",null]
31 verbose parsed url { protocol: null,
31 verbose parsed url   slashes: null,
31 verbose parsed url   auth: null,
31 verbose parsed url   host: null,
31 verbose parsed url   port: null,
31 verbose parsed url   hostname: null,
31 verbose parsed url   hash: null,
31 verbose parsed url   search: null,
31 verbose parsed url   query: null,
31 verbose parsed url   pathname: 'grunt-text-replace@~0.3.9',
31 verbose parsed url   path: 'grunt-text-replace@~0.3.9',
31 verbose parsed url   href: 'grunt-text-replace@~0.3.9' }
32 verbose cache add name="grunt-text-replace" spec="~0.3.9" args=["grunt-text-replace","~0.3.9"]
33 verbose parsed url { protocol: null,
33 verbose parsed url   slashes: null,
33 verbose parsed url   auth: null,
33 verbose parsed url   host: null,
33 verbose parsed url   port: null,
33 verbose parsed url   hostname: null,
33 verbose parsed url   hash: null,
33 verbose parsed url   search: null,
33 verbose parsed url   query: null,
33 verbose parsed url   pathname: '~0.3.9',
33 verbose parsed url   path: '~0.3.9',
33 verbose parsed url   href: '~0.3.9' }
34 verbose addNamed [ 'grunt-text-replace', '~0.3.9' ]
35 verbose addNamed [ null, '>=0.3.9-0 <0.4.0-0' ]
36 verbose cache add [ 'grunt-contrib-clean@~0.5.0', null ]
37 verbose cache add name=undefined spec="grunt-contrib-clean@~0.5.0" args=["grunt-contrib-clean@~0.5.0",null]
38 verbose parsed url { protocol: null,
38 verbose parsed url   slashes: null,
38 verbose parsed url   auth: null,
38 verbose parsed url   host: null,
38 verbose parsed url   port: null,
38 verbose parsed url   hostname: null,
38 verbose parsed url   hash: null,
38 verbose parsed url   search: null,
38 verbose parsed url   query: null,
38 verbose parsed url   pathname: 'grunt-contrib-clean@~0.5.0',
38 verbose parsed url   path: 'grunt-contrib-clean@~0.5.0',
38 verbose parsed url   href: 'grunt-contrib-clean@~0.5.0' }
39 verbose cache add name="grunt-contrib-clean" spec="~0.5.0" args=["grunt-contrib-clean","~0.5.0"]
40 verbose parsed url { protocol: null,
40 verbose parsed url   slashes: null,
40 verbose parsed url   auth: null,
40 verbose parsed url   host: null,
40 verbose parsed url   port: null,
40 verbose parsed url   hostname: null,
40 verbose parsed url   hash: null,
40 verbose parsed url   search: null,
40 verbose parsed url   query: null,
40 verbose parsed url   pathname: '~0.5.0',
40 verbose parsed url   path: '~0.5.0',
40 verbose parsed url   href: '~0.5.0' }
41 verbose addNamed [ 'grunt-contrib-clean', '~0.5.0' ]
42 verbose addNamed [ null, '>=0.5.0-0 <0.6.0-0' ]
43 verbose cache add [ 'grunt-contrib-compress@~0.5.2', null ]
44 verbose cache add name=undefined spec="grunt-contrib-compress@~0.5.2" args=["grunt-contrib-compress@~0.5.2",null]
45 verbose parsed url { protocol: null,
45 verbose parsed url   slashes: null,
45 verbose parsed url   auth: null,
45 verbose parsed url   host: null,
45 verbose parsed url   port: null,
45 verbose parsed url   hostname: null,
45 verbose parsed url   hash: null,
45 verbose parsed url   search: null,
45 verbose parsed url   query: null,
45 verbose parsed url   pathname: 'grunt-contrib-compress@~0.5.2',
45 verbose parsed url   path: 'grunt-contrib-compress@~0.5.2',
45 verbose parsed url   href: 'grunt-contrib-compress@~0.5.2' }
46 verbose cache add name="grunt-contrib-compress" spec="~0.5.2" args=["grunt-contrib-compress","~0.5.2"]
47 verbose parsed url { protocol: null,
47 verbose parsed url   slashes: null,
47 verbose parsed url   auth: null,
47 verbose parsed url   host: null,
47 verbose parsed url   port: null,
47 verbose parsed url   hostname: null,
47 verbose parsed url   hash: null,
47 verbose parsed url   search: null,
47 verbose parsed url   query: null,
47 verbose parsed url   pathname: '~0.5.2',
47 verbose parsed url   path: '~0.5.2',
47 verbose parsed url   href: '~0.5.2' }
48 verbose addNamed [ 'grunt-contrib-compress', '~0.5.2' ]
49 verbose addNamed [ null, '>=0.5.2-0 <0.6.0-0' ]
50 verbose cache add [ 'grunt-ftp-deploy@~0.1.1', null ]
51 verbose cache add name=undefined spec="grunt-ftp-deploy@~0.1.1" args=["grunt-ftp-deploy@~0.1.1",null]
52 verbose parsed url { protocol: null,
52 verbose parsed url   slashes: null,
52 verbose parsed url   auth: null,
52 verbose parsed url   host: null,
52 verbose parsed url   port: null,
52 verbose parsed url   hostname: null,
52 verbose parsed url   hash: null,
52 verbose parsed url   search: null,
52 verbose parsed url   query: null,
52 verbose parsed url   pathname: 'grunt-ftp-deploy@~0.1.1',
52 verbose parsed url   path: 'grunt-ftp-deploy@~0.1.1',
52 verbose parsed url   href: 'grunt-ftp-deploy@~0.1.1' }
53 verbose cache add name="grunt-ftp-deploy" spec="~0.1.1" args=["grunt-ftp-deploy","~0.1.1"]
54 verbose parsed url { protocol: null,
54 verbose parsed url   slashes: null,
54 verbose parsed url   auth: null,
54 verbose parsed url   host: null,
54 verbose parsed url   port: null,
54 verbose parsed url   hostname: null,
54 verbose parsed url   hash: null,
54 verbose parsed url   search: null,
54 verbose parsed url   query: null,
54 verbose parsed url   pathname: '~0.1.1',
54 verbose parsed url   path: '~0.1.1',
54 verbose parsed url   href: '~0.1.1' }
55 verbose addNamed [ 'grunt-ftp-deploy', '~0.1.1' ]
56 verbose addNamed [ null, '>=0.1.1-0 <0.2.0-0' ]
57 silly lockFile 766a3bd3-grunt-0-4-1 grunt@~0.4.1
58 verbose lock grunt@~0.4.1 /Users/maartenbaijs/.npm/766a3bd3-grunt-0-4-1.lock
59 silly lockFile c84f658a-grunt-contrib-copy-0-4-1 grunt-contrib-copy@~0.4.1
60 verbose lock grunt-contrib-copy@~0.4.1 /Users/maartenbaijs/.npm/c84f658a-grunt-contrib-copy-0-4-1.lock
61 verbose cache add [ 'grunt-contrib-jshint@~0.8.0', null ]
62 verbose cache add name=undefined spec="grunt-contrib-jshint@~0.8.0" args=["grunt-contrib-jshint@~0.8.0",null]
63 verbose parsed url { protocol: null,
63 verbose parsed url   slashes: null,
63 verbose parsed url   auth: null,
63 verbose parsed url   host: null,
63 verbose parsed url   port: null,
63 verbose parsed url   hostname: null,
63 verbose parsed url   hash: null,
63 verbose parsed url   search: null,
63 verbose parsed url   query: null,
63 verbose parsed url   pathname: 'grunt-contrib-jshint@~0.8.0',
63 verbose parsed url   path: 'grunt-contrib-jshint@~0.8.0',
63 verbose parsed url   href: 'grunt-contrib-jshint@~0.8.0' }
64 verbose cache add name="grunt-contrib-jshint" spec="~0.8.0" args=["grunt-contrib-jshint","~0.8.0"]
65 verbose parsed url { protocol: null,
65 verbose parsed url   slashes: null,
65 verbose parsed url   auth: null,
65 verbose parsed url   host: null,
65 verbose parsed url   port: null,
65 verbose parsed url   hostname: null,
65 verbose parsed url   hash: null,
65 verbose parsed url   search: null,
65 verbose parsed url   query: null,
65 verbose parsed url   pathname: '~0.8.0',
65 verbose parsed url   path: '~0.8.0',
65 verbose parsed url   href: '~0.8.0' }
66 verbose addNamed [ 'grunt-contrib-jshint', '~0.8.0' ]
67 verbose addNamed [ null, '>=0.8.0-0 <0.9.0-0' ]
68 silly lockFile b3dfcf50-grunt-contrib-jshint-0-8-0 grunt-contrib-jshint@~0.8.0
69 verbose lock grunt-contrib-jshint@~0.8.0 /Users/maartenbaijs/.npm/b3dfcf50-grunt-contrib-jshint-0-8-0.lock
70 verbose cache add [ 'baijs@0.0.1', null ]
71 verbose cache add name=undefined spec="baijs@0.0.1" args=["baijs@0.0.1",null]
72 verbose parsed url { protocol: null,
72 verbose parsed url   slashes: null,
72 verbose parsed url   auth: null,
72 verbose parsed url   host: null,
72 verbose parsed url   port: null,
72 verbose parsed url   hostname: null,
72 verbose parsed url   hash: null,
72 verbose parsed url   search: null,
72 verbose parsed url   query: null,
72 verbose parsed url   pathname: 'baijs@0.0.1',
72 verbose parsed url   path: 'baijs@0.0.1',
72 verbose parsed url   href: 'baijs@0.0.1' }
73 verbose cache add name="baijs" spec="0.0.1" args=["baijs","0.0.1"]
74 verbose parsed url { protocol: null,
74 verbose parsed url   slashes: null,
74 verbose parsed url   auth: null,
74 verbose parsed url   host: null,
74 verbose parsed url   port: null,
74 verbose parsed url   hostname: null,
74 verbose parsed url   hash: null,
74 verbose parsed url   search: null,
74 verbose parsed url   query: null,
74 verbose parsed url   pathname: '0.0.1',
74 verbose parsed url   path: '0.0.1',
74 verbose parsed url   href: '0.0.1' }
75 verbose addNamed [ 'baijs', '0.0.1' ]
76 verbose addNamed [ '0.0.1', '0.0.1' ]
77 silly lockFile 34195f79-baijs-0-0-1 baijs@0.0.1
78 verbose lock baijs@0.0.1 /Users/maartenbaijs/.npm/34195f79-baijs-0-0-1.lock
79 silly lockFile 55f336b7-grunt-contrib-uglify-0-2-7 grunt-contrib-uglify@~0.2.7
80 verbose lock grunt-contrib-uglify@~0.2.7 /Users/maartenbaijs/.npm/55f336b7-grunt-contrib-uglify-0-2-7.lock
81 silly lockFile 4fe223ae-grunt-text-replace-0-3-9 grunt-text-replace@~0.3.9
82 verbose lock grunt-text-replace@~0.3.9 /Users/maartenbaijs/.npm/4fe223ae-grunt-text-replace-0-3-9.lock
83 silly lockFile 83f743bc-grunt-contrib-clean-0-5-0 grunt-contrib-clean@~0.5.0
84 verbose lock grunt-contrib-clean@~0.5.0 /Users/maartenbaijs/.npm/83f743bc-grunt-contrib-clean-0-5-0.lock
85 silly lockFile a9820b8f-grunt-contrib-compress-0-5-2 grunt-contrib-compress@~0.5.2
86 verbose lock grunt-contrib-compress@~0.5.2 /Users/maartenbaijs/.npm/a9820b8f-grunt-contrib-compress-0-5-2.lock
87 silly lockFile 1e74310c-grunt-ftp-deploy-0-1-1 grunt-ftp-deploy@~0.1.1
88 verbose lock grunt-ftp-deploy@~0.1.1 /Users/maartenbaijs/.npm/1e74310c-grunt-ftp-deploy-0-1-1.lock
89 verbose url raw baijs/0.0.1
90 verbose url resolving [ 'http://labs.marviq.net:4873/', './baijs/0.0.1' ]
91 verbose url resolved http://labs.marviq.net:4873/baijs/0.0.1
92 info trying registry request attempt 1 at 19:41:45
93 http GET http://labs.marviq.net:4873/baijs/0.0.1
94 silly addNameRange { name: 'grunt', range: '>=0.4.1-0 <0.5.0-0', hasData: false }
95 silly addNameRange { name: 'grunt-contrib-copy',
95 silly addNameRange   range: '>=0.4.1-0 <0.5.0-0',
95 silly addNameRange   hasData: false }
96 silly addNameRange { name: 'grunt-contrib-jshint',
96 silly addNameRange   range: '>=0.8.0-0 <0.9.0-0',
96 silly addNameRange   hasData: false }
97 silly addNameRange { name: 'grunt-contrib-uglify',
97 silly addNameRange   range: '>=0.2.7-0 <0.3.0-0',
97 silly addNameRange   hasData: false }
98 verbose url raw grunt
99 verbose url resolving [ 'http://labs.marviq.net:4873/', './grunt' ]
100 verbose url resolved http://labs.marviq.net:4873/grunt
101 info trying registry request attempt 1 at 19:41:45
102 http GET http://labs.marviq.net:4873/grunt
103 silly addNameRange { name: 'grunt-text-replace',
103 silly addNameRange   range: '>=0.3.9-0 <0.4.0-0',
103 silly addNameRange   hasData: false }
104 silly addNameRange { name: 'grunt-contrib-clean',
104 silly addNameRange   range: '>=0.5.0-0 <0.6.0-0',
104 silly addNameRange   hasData: false }
105 verbose url raw grunt-contrib-copy
106 verbose url resolving [ 'http://labs.marviq.net:4873/', './grunt-contrib-copy' ]
107 verbose url resolved http://labs.marviq.net:4873/grunt-contrib-copy
108 info trying registry request attempt 1 at 19:41:45
109 http GET http://labs.marviq.net:4873/grunt-contrib-copy
110 silly addNameRange { name: 'grunt-contrib-compress',
110 silly addNameRange   range: '>=0.5.2-0 <0.6.0-0',
110 silly addNameRange   hasData: false }
111 verbose url raw grunt-contrib-jshint
112 verbose url resolving [ 'http://labs.marviq.net:4873/', './grunt-contrib-jshint' ]
113 verbose url resolved http://labs.marviq.net:4873/grunt-contrib-jshint
114 info trying registry request attempt 1 at 19:41:45
115 http GET http://labs.marviq.net:4873/grunt-contrib-jshint
116 silly addNameRange { name: 'grunt-ftp-deploy',
116 silly addNameRange   range: '>=0.1.1-0 <0.2.0-0',
116 silly addNameRange   hasData: false }
117 verbose url raw grunt-contrib-uglify
118 verbose url resolving [ 'http://labs.marviq.net:4873/', './grunt-contrib-uglify' ]
119 verbose url resolved http://labs.marviq.net:4873/grunt-contrib-uglify
120 info trying registry request attempt 1 at 19:41:45
121 http GET http://labs.marviq.net:4873/grunt-contrib-uglify
122 verbose url raw grunt-text-replace
123 verbose url resolving [ 'http://labs.marviq.net:4873/', './grunt-text-replace' ]
124 verbose url resolved http://labs.marviq.net:4873/grunt-text-replace
125 info trying registry request attempt 1 at 19:41:45
126 http GET http://labs.marviq.net:4873/grunt-text-replace
127 verbose url raw grunt-contrib-clean
128 verbose url resolving [ 'http://labs.marviq.net:4873/', './grunt-contrib-clean' ]
129 verbose url resolved http://labs.marviq.net:4873/grunt-contrib-clean
130 info trying registry request attempt 1 at 19:41:45
131 http GET http://labs.marviq.net:4873/grunt-contrib-clean
132 verbose url raw grunt-contrib-compress
133 verbose url resolving [ 'http://labs.marviq.net:4873/', './grunt-contrib-compress' ]
134 verbose url resolved http://labs.marviq.net:4873/grunt-contrib-compress
135 info trying registry request attempt 1 at 19:41:45
136 http GET http://labs.marviq.net:4873/grunt-contrib-compress
137 verbose url raw grunt-ftp-deploy
138 verbose url resolving [ 'http://labs.marviq.net:4873/', './grunt-ftp-deploy' ]
139 verbose url resolved http://labs.marviq.net:4873/grunt-ftp-deploy
140 info trying registry request attempt 1 at 19:41:45
141 http GET http://labs.marviq.net:4873/grunt-ftp-deploy
142 info retry will retry, error on last attempt: Error: connect ETIMEDOUT
143 info retry will retry, error on last attempt: Error: connect ETIMEDOUT
144 info retry will retry, error on last attempt: Error: connect ETIMEDOUT
145 info retry will retry, error on last attempt: Error: connect ETIMEDOUT
146 info retry will retry, error on last attempt: Error: connect ETIMEDOUT
147 info trying registry request attempt 2 at 19:43:11
148 http GET http://labs.marviq.net:4873/grunt-contrib-uglify
149 info trying registry request attempt 2 at 19:43:11
150 http GET http://labs.marviq.net:4873/grunt-contrib-jshint
151 info trying registry request attempt 2 at 19:43:11
152 http GET http://labs.marviq.net:4873/grunt-contrib-copy
153 info trying registry request attempt 2 at 19:43:11
154 http GET http://labs.marviq.net:4873/grunt
155 info trying registry request attempt 2 at 19:43:11
156 http GET http://labs.marviq.net:4873/baijs/0.0.1
157 info retry will retry, error on last attempt: Error: connect ETIMEDOUT
158 info retry will retry, error on last attempt: Error: connect ETIMEDOUT
159 info retry will retry, error on last attempt: Error: connect ETIMEDOUT
160 info retry will retry, error on last attempt: Error: connect ETIMEDOUT
161 info retry will retry, error on last attempt: Error: connect ETIMEDOUT
162 info trying registry request attempt 2 at 19:44:28
163 http GET http://labs.marviq.net:4873/grunt-text-replace
164 info trying registry request attempt 2 at 19:44:28
165 http GET http://labs.marviq.net:4873/grunt-ftp-deploy
166 info trying registry request attempt 2 at 19:44:28
167 http GET http://labs.marviq.net:4873/grunt-contrib-clean
168 info trying registry request attempt 2 at 19:44:28
169 http GET http://labs.marviq.net:4873/grunt-contrib-compress
170 info trying registry request attempt 3 at 19:45:28
171 http GET http://labs.marviq.net:4873/grunt-contrib-uglify
172 info retry will retry, error on last attempt: Error: connect ETIMEDOUT
173 info retry will retry, error on last attempt: Error: connect ETIMEDOUT
174 info retry will retry, error on last attempt: Error: connect ETIMEDOUT
175 info retry will retry, error on last attempt: Error: connect ETIMEDOUT
176 info retry will retry, error on last attempt: Error: connect ETIMEDOUT
177 info trying registry request attempt 3 at 19:46:34
178 http GET http://labs.marviq.net:4873/baijs/0.0.1
179 info trying registry request attempt 3 at 19:46:34
180 http GET http://labs.marviq.net:4873/grunt
181 info trying registry request attempt 3 at 19:46:34
182 http GET http://labs.marviq.net:4873/grunt-contrib-copy
183 info trying registry request attempt 3 at 19:46:34
184 http GET http://labs.marviq.net:4873/grunt-contrib-jshint
185 info trying registry request attempt 3 at 19:46:44
186 http GET http://labs.marviq.net:4873/grunt-text-replace
187 silly lockFile 55f336b7-grunt-contrib-uglify-0-2-7 grunt-contrib-uglify@~0.2.7
188 silly lockFile 55f336b7-grunt-contrib-uglify-0-2-7 grunt-contrib-uglify@~0.2.7
189 info retry will retry, error on last attempt: Error: connect ETIMEDOUT
190 info retry will retry, error on last attempt: Error: connect ETIMEDOUT
191 info retry will retry, error on last attempt: Error: connect ETIMEDOUT
192 error Error: connect ETIMEDOUT
192 error     at errnoException (net.js:901:11)
192 error     at Object.afterConnect [as oncomplete] (net.js:892:19)
193 error If you need help, you may report this log at:
193 error     <http://github.com/isaacs/npm/issues>
193 error or email it to:
193 error     <npm-@googlegroups.com>
194 error System Darwin 13.0.0
195 error command "node" "/usr/local/bin/npm" "install"
196 error cwd /Library/WebServer/Documents/tinycarousel
197 error node -v v0.10.13
198 error npm -v 1.3.2
199 error syscall connect
200 error code ETIMEDOUT
201 error errno ETIMEDOUT
202 verbose exit [ 1, true ]
